<?xml version="1.0" encoding="UTF-8"?>
<testng-results skipped="0" failed="0" total="1" passed="1">
  <reporter-output>
  </reporter-output>
  <suite name="Default suite" duration-ms="14269" started-at="2021-05-06T22:33:39Z" finished-at="2021-05-06T22:33:54Z">
    <groups>
    </groups>
    <test name="Default test" duration-ms="14269" started-at="2021-05-06T22:33:39Z" finished-at="2021-05-06T22:33:54Z">
      <class name="com.crm.qa.testcases.LoginPageTest">
        <test-method status="PASS" signature="setUp()[pri:0, instance:com.crm.qa.testcases.LoginPageTest@39ba5a14]" name="setUp" is-config="true" duration-ms="13573" started-at="2021-05-07T04:03:39Z" finished-at="2021-05-07T04:03:53Z">
          <reporter-output>
          </reporter-output>
        </test-method> <!-- setUp -->
        <test-method status="PASS" signature="loginButtonClick()[pri:1, instance:com.crm.qa.testcases.LoginPageTest@39ba5a14]" name="loginButtonClick" duration-ms="21" started-at="2021-05-07T04:03:53Z" finished-at="2021-05-07T04:03:53Z">
          <reporter-output>
          </reporter-output>
        </test-method> <!-- loginButtonClick -->
        <test-method status="PASS" signature="tearDown()[pri:0, instance:com.crm.qa.testcases.LoginPageTest@39ba5a14]" name="tearDown" is-config="true" duration-ms="667" started-at="2021-05-07T04:03:53Z" finished-at="2021-05-07T04:03:54Z">
          <reporter-output>
          </reporter-output>
        </test-method> <!-- tearDown -->
      </class> <!-- com.crm.qa.testcases.LoginPageTest -->
    </test> <!-- Default test -->
  </suite> <!-- Default suite -->
</testng-results>
